2017-11-04T08:56:21.042711Z mysqld_safe Logging to '/opt/bitnami/mysql/data/3e6012e65853.err'.
2017-11-04T08:56:21.066050Z mysqld_safe Starting mysqld daemon with databases from /opt/bitnami/mysql/data
mysqld: [Warning] World-writable config file '/opt/bitnami/mysql/conf/my.cnf' is ignored.
2017-11-04T08:56:21.370407Z 0 [Warning] TIMESTAMP with implicit DEFAULT value is deprecated. Please use --explicit_defaults_for_timestamp server option (see documentation for more details).
2017-11-04T08:56:21.372140Z 0 [Note] --secure-file-priv is set to NULL. Operations related to importing and exporting data are disabled
2017-11-04T08:56:21.372185Z 0 [Note] /opt/bitnami/mysql/bin/mysqld (mysqld 5.7.20) starting as process 115 ...
2017-11-04T08:56:21.381035Z 0 [Warning] Setting lower_case_table_names=2 because file system for /opt/bitnami/mysql/data/ is case insensitive
2017-11-04T08:56:21.386028Z 0 [Note] InnoDB: PUNCH HOLE support available
2017-11-04T08:56:21.386426Z 0 [Note] InnoDB: Mutexes and rw_locks use GCC atomic builtins
2017-11-04T08:56:21.386708Z 0 [Note] InnoDB: Uses event mutexes
2017-11-04T08:56:21.386988Z 0 [Note] InnoDB: GCC builtin __sync_synchronize() is used for memory barrier
2017-11-04T08:56:21.387258Z 0 [Note] InnoDB: Compressed tables use zlib 1.2.3
2017-11-04T08:56:21.387536Z 0 [Note] InnoDB: Using Linux native AIO
2017-11-04T08:56:21.388302Z 0 [Note] InnoDB: Number of pools: 1
2017-11-04T08:56:21.388918Z 0 [Note] InnoDB: Using CPU crc32 instructions
2017-11-04T08:56:21.392084Z 0 [Note] InnoDB: Initializing buffer pool, total size = 128M, instances = 1, chunk size = 128M
2017-11-04T08:56:21.434496Z 0 [Note] InnoDB: Completed initialization of buffer pool
2017-11-04T08:56:21.442993Z 0 [Note] InnoDB: If the mysqld execution user is authorized, page cleaner thread priority can be changed. See the man page of setpriority().
2017-11-04T08:56:21.497073Z 0 [Note] InnoDB: Highest supported file format is Barracuda.
2017-11-04T08:56:21.515995Z 0 [Note] InnoDB: Log scan progressed past the checkpoint lsn 2602574
2017-11-04T08:56:21.516385Z 0 [Note] InnoDB: Doing recovery: scanned up to log sequence number 2602583
2017-11-04T08:56:21.516923Z 0 [Note] InnoDB: Database was not shutdown normally!
2017-11-04T08:56:21.517305Z 0 [Note] InnoDB: Starting crash recovery.
2017-11-04T08:56:21.795845Z 0 [Note] InnoDB: Removed temporary tablespace data file: "ibtmp1"
2017-11-04T08:56:21.796413Z 0 [Note] InnoDB: Creating shared tablespace for temporary tables
2017-11-04T08:56:21.798124Z 0 [Note] InnoDB: Setting file './ibtmp1' size to 12 MB. Physically writing the file full; Please wait ...
2017-11-04T08:56:21.924994Z 0 [Note] InnoDB: File './ibtmp1' size is now 12 MB.
2017-11-04T08:56:21.982625Z 0 [Note] InnoDB: 96 redo rollback segment(s) found. 96 redo rollback segment(s) are active.
2017-11-04T08:56:21.983390Z 0 [Note] InnoDB: 32 non-redo rollback segment(s) are active.
2017-11-04T08:56:21.984396Z 0 [Note] InnoDB: 5.7.20 started; log sequence number 2602583
2017-11-04T08:56:21.985346Z 0 [Note] Plugin 'FEDERATED' is disabled.
2017-11-04T08:56:21.987182Z 0 [Note] InnoDB: Loading buffer pool(s) from /bitnami/mysql/data/ib_buffer_pool
2017-11-04T08:56:22.047809Z 0 [Warning] Failed to set up SSL because of the following SSL library error: SSL context is not usable without certificate and private key
2017-11-04T08:56:22.049528Z 0 [Note] Server hostname (bind-address): '*'; port: 3306
2017-11-04T08:56:22.050045Z 0 [Note] IPv6 is available.
2017-11-04T08:56:22.050553Z 0 [Note]   - '::' resolves to '::';
2017-11-04T08:56:22.051749Z 0 [Note] Server socket created on IP: '::'.
2017-11-04T08:56:22.066966Z 0 [Note] InnoDB: Buffer pool(s) load completed at 171104  8:56:22
2017-11-04T08:56:22.557109Z 0 [Note] Event Scheduler: Loaded 0 events
2017-11-04T08:56:22.559129Z 0 [Note] /opt/bitnami/mysql/bin/mysqld: ready for connections.
Version: '5.7.20'  socket: '/tmp/mysql.sock'  port: 3306  MySQL Community Server (GPL)
2017-11-04T08:56:22.559932Z 0 [Note] Executing 'SELECT * FROM INFORMATION_SCHEMA.TABLES;' to get a list of tables using the deprecated partition engine. You may use the startup option '--disable-partition-engine-check' to skip this check. 
2017-11-04T08:56:22.560281Z 0 [Note] Beginning of list of non-natively partitioned tables
2017-11-04T08:56:23.266439Z 0 [Note] End of list of non-natively partitioned tables
