2017-11-04T09:00:38.853134Z mysqld_safe Logging to '/opt/bitnami/mysql/data/8c4a39f272d3.err'.
2017-11-04T09:00:38.875775Z mysqld_safe Starting mysqld daemon with databases from /opt/bitnami/mysql/data
mysqld: [Warning] World-writable config file '/opt/bitnami/mysql/conf/my.cnf' is ignored.
2017-11-04T09:00:39.098297Z 0 [Warning] TIMESTAMP with implicit DEFAULT value is deprecated. Please use --explicit_defaults_for_timestamp server option (see documentation for more details).
2017-11-04T09:00:39.099906Z 0 [Note] --secure-file-priv is set to NULL. Operations related to importing and exporting data are disabled
2017-11-04T09:00:39.099959Z 0 [Note] /opt/bitnami/mysql/bin/mysqld (mysqld 5.7.20) starting as process 115 ...
2017-11-04T09:00:39.108830Z 0 [Warning] Setting lower_case_table_names=2 because file system for /opt/bitnami/mysql/data/ is case insensitive
2017-11-04T09:00:39.113756Z 0 [Note] InnoDB: PUNCH HOLE support available
2017-11-04T09:00:39.114211Z 0 [Note] InnoDB: Mutexes and rw_locks use GCC atomic builtins
2017-11-04T09:00:39.114546Z 0 [Note] InnoDB: Uses event mutexes
2017-11-04T09:00:39.114842Z 0 [Note] InnoDB: GCC builtin __sync_synchronize() is used for memory barrier
2017-11-04T09:00:39.115185Z 0 [Note] InnoDB: Compressed tables use zlib 1.2.3
2017-11-04T09:00:39.115504Z 0 [Note] InnoDB: Using Linux native AIO
2017-11-04T09:00:39.116228Z 0 [Note] InnoDB: Number of pools: 1
2017-11-04T09:00:39.116659Z 0 [Note] InnoDB: Using CPU crc32 instructions
2017-11-04T09:00:39.118757Z 0 [Note] InnoDB: Initializing buffer pool, total size = 128M, instances = 1, chunk size = 128M
2017-11-04T09:00:39.127119Z 0 [Note] InnoDB: Completed initialization of buffer pool
2017-11-04T09:00:39.129669Z 0 [Note] InnoDB: If the mysqld execution user is authorized, page cleaner thread priority can be changed. See the man page of setpriority().
2017-11-04T09:00:39.180601Z 0 [Note] InnoDB: Highest supported file format is Barracuda.
2017-11-04T09:00:39.197164Z 0 [Note] InnoDB: Log scan progressed past the checkpoint lsn 2602813
2017-11-04T09:00:39.197552Z 0 [Note] InnoDB: Doing recovery: scanned up to log sequence number 2602822
2017-11-04T09:00:39.197885Z 0 [Note] InnoDB: Database was not shutdown normally!
2017-11-04T09:00:39.198180Z 0 [Note] InnoDB: Starting crash recovery.
2017-11-04T09:00:39.508316Z 0 [Note] InnoDB: Removed temporary tablespace data file: "ibtmp1"
2017-11-04T09:00:39.509054Z 0 [Note] InnoDB: Creating shared tablespace for temporary tables
2017-11-04T09:00:39.511476Z 0 [Note] InnoDB: Setting file './ibtmp1' size to 12 MB. Physically writing the file full; Please wait ...
2017-11-04T09:00:39.718348Z 0 [Note] InnoDB: File './ibtmp1' size is now 12 MB.
2017-11-04T09:00:39.758364Z 0 [Note] InnoDB: 96 redo rollback segment(s) found. 96 redo rollback segment(s) are active.
2017-11-04T09:00:39.759180Z 0 [Note] InnoDB: 32 non-redo rollback segment(s) are active.
2017-11-04T09:00:39.762332Z 0 [Note] InnoDB: Waiting for purge to start
2017-11-04T09:00:39.816809Z 0 [Note] InnoDB: 5.7.20 started; log sequence number 2602822
2017-11-04T09:00:39.822281Z 0 [Note] Plugin 'FEDERATED' is disabled.
2017-11-04T09:00:39.828119Z 0 [Note] InnoDB: Loading buffer pool(s) from /bitnami/mysql/data/ib_buffer_pool
2017-11-04T09:00:40.002354Z 0 [Warning] Failed to set up SSL because of the following SSL library error: SSL context is not usable without certificate and private key
2017-11-04T09:00:40.005452Z 0 [Note] Server hostname (bind-address): '*'; port: 3306
2017-11-04T09:00:40.006083Z 0 [Note] IPv6 is available.
2017-11-04T09:00:40.006865Z 0 [Note]   - '::' resolves to '::';
2017-11-04T09:00:40.007298Z 0 [Note] Server socket created on IP: '::'.
2017-11-04T09:00:40.055730Z 0 [Note] InnoDB: Buffer pool(s) load completed at 171104  9:00:40
2017-11-04T09:00:40.707976Z 0 [Note] Event Scheduler: Loaded 0 events
2017-11-04T09:00:40.709164Z 0 [Note] /opt/bitnami/mysql/bin/mysqld: ready for connections.
Version: '5.7.20'  socket: '/tmp/mysql.sock'  port: 3306  MySQL Community Server (GPL)
2017-11-04T09:00:40.709522Z 0 [Note] Executing 'SELECT * FROM INFORMATION_SCHEMA.TABLES;' to get a list of tables using the deprecated partition engine. You may use the startup option '--disable-partition-engine-check' to skip this check. 
2017-11-04T09:00:40.710183Z 0 [Note] Beginning of list of non-natively partitioned tables
2017-11-04T09:00:41.577113Z 0 [Note] End of list of non-natively partitioned tables
